<?xml version="1.0" encoding="UTF-8"?>
<!-- Generated by org.testng.reporters.JUnitXMLReporter -->
<testsuite ignored="0" hostname="LAPTOP-V4RRGFTI" failures="1" tests="12" name="Test" time="208.563" errors="0" timestamp="2023-03-05T10:56:32 IST">
  <testcase classname="MyMavenProject.InsuranceBruteTesting2" name="hittingBrowser" time="7.403"/>
  <testcase classname="MyMavenProject.InsuranceBruteTesting2" name="enterIntoFrame" time="15.2"/>
  <testcase classname="MyMavenProject.InsuranceBruteTesting2" name="ageFieldTest" time="15.913"/>
  <testcase classname="MyMavenProject.InsuranceBruteTesting2" name="genderFieldTest" time="16.347"/>
  <testcase classname="MyMavenProject.InsuranceBruteTesting2" name="heightFieldTest" time="16.233"/>
  <testcase classname="MyMavenProject.InsuranceBruteTesting2" name="weightFieldTest" time="16.439"/>
  <testcase classname="MyMavenProject.InsuranceBruteTesting2" name="numberOfChildrenFieldTest" time="15.896"/>
  <testcase classname="MyMavenProject.InsuranceBruteTesting2" name="smokerTest" time="15.707"/>
  <testcase classname="MyMavenProject.InsuranceBruteTesting2" name="regionTest" time="16.534"/>
  <testcase classname="MyMavenProject.InsuranceBruteTesting2" name="brokenLinkTest" time="39.255">
    <failure type="java.net.ProtocolException" message="Server redirected too many  times (20)">
      <![CDATA[java.net.ProtocolException: Server redirected too many  times (20)
at java.base/sun.net.www.protocol.http.HttpURLConnection.getInputStream0(HttpURLConnection.java:2005)
at java.base/sun.net.www.protocol.http.HttpURLConnection.getInputStream(HttpURLConnection.java:1589)
at java.base/java.net.HttpURLConnection.getResponseCode(HttpURLConnection.java:529)
at java.base/sun.net.www.protocol.https.HttpsURLConnectionImpl.getResponseCode(HttpsURLConnectionImpl.java:308)
at MyMavenProject.InsuranceBruteTesting2.brokenLinkTest(InsuranceBruteTesting2.java:137)
at java.base/java.util.ArrayList.forEach(ArrayList.java:1511)
... Removed 27 stack frames]]>
    </failure>
  </testcase> <!-- brokenLinkTest -->
  <testcase classname="MyMavenProject.IntegrationTesting" name="wholeFormTest" time="14.466"/>
  <testcase classname="MyMavenProject.IntegrationTesting" name="wholeFormTest" time="14.385"/>
</testsuite> <!-- Test -->
