<?xml version="1.0" encoding="UTF-8"?>
<testng-results ignored="0" total="12" passed="11" failed="1" skipped="0">
  <reporter-output>
  </reporter-output>
  <suite started-at="2023-03-05T10:53:03 IST" name="Suite" finished-at="2023-03-05T10:56:32 IST" duration-ms="208563">
    <groups>
    </groups>
    <test started-at="2023-03-05T10:53:03 IST" name="Test" finished-at="2023-03-05T10:56:32 IST" duration-ms="208563">
      <class name="MyMavenProject.InsuranceBruteTesting2">
        <test-method signature="hittingBrowser()[pri:1, instance:MyMavenProject.InsuranceBruteTesting2@15713d56]" started-at="2023-03-05T10:53:04 IST" name="hittingBrowser" finished-at="2023-03-05T10:53:11 IST" duration-ms="7403" status="PASS">
          <reporter-output>
          </reporter-output>
        </test-method> <!-- hittingBrowser -->
        <test-method is-config="true" signature="tearDownTest()[pri:0, instance:MyMavenProject.InsuranceBruteTesting2@15713d56]" started-at="2023-03-05T10:53:11 IST" name="tearDownTest" finished-at="2023-03-05T10:53:11 IST" duration-ms="250" status="PASS">
          <reporter-output>
          </reporter-output>
        </test-method> <!-- tearDownTest -->
        <test-method signature="enterIntoFrame()[pri:2, instance:MyMavenProject.InsuranceBruteTesting2@15713d56]" started-at="2023-03-05T10:53:11 IST" name="enterIntoFrame" finished-at="2023-03-05T10:53:26 IST" duration-ms="15200" status="PASS">
          <reporter-output>
          </reporter-output>
        </test-method> <!-- enterIntoFrame -->
        <test-method is-config="true" signature="tearDownTest()[pri:0, instance:MyMavenProject.InsuranceBruteTesting2@15713d56]" started-at="2023-03-05T10:53:26 IST" name="tearDownTest" finished-at="2023-03-05T10:53:27 IST" duration-ms="368" status="PASS">
          <reporter-output>
          </reporter-output>
        </test-method> <!-- tearDownTest -->
        <test-method signature="ageFieldTest()[pri:3, instance:MyMavenProject.InsuranceBruteTesting2@15713d56]" started-at="2023-03-05T10:53:27 IST" name="ageFieldTest" finished-at="2023-03-05T10:53:43 IST" duration-ms="15913" status="PASS">
          <reporter-output>
          </reporter-output>
        </test-method> <!-- ageFieldTest -->
        <test-method is-config="true" signature="tearDownTest()[pri:0, instance:MyMavenProject.InsuranceBruteTesting2@15713d56]" started-at="2023-03-05T10:53:43 IST" name="tearDownTest" finished-at="2023-03-05T10:53:43 IST" duration-ms="379" status="PASS">
          <reporter-output>
          </reporter-output>
        </test-method> <!-- tearDownTest -->
        <test-method signature="genderFieldTest()[pri:4, instance:MyMavenProject.InsuranceBruteTesting2@15713d56]" started-at="2023-03-05T10:53:43 IST" name="genderFieldTest" finished-at="2023-03-05T10:53:59 IST" duration-ms="16347" status="PASS">
          <reporter-output>
          </reporter-output>
        </test-method> <!-- genderFieldTest -->
        <test-method is-config="true" signature="tearDownTest()[pri:0, instance:MyMavenProject.InsuranceBruteTesting2@15713d56]" started-at="2023-03-05T10:53:59 IST" name="tearDownTest" finished-at="2023-03-05T10:54:00 IST" duration-ms="396" status="PASS">
          <reporter-output>
          </reporter-output>
        </test-method> <!-- tearDownTest -->
        <test-method signature="heightFieldTest()[pri:5, instance:MyMavenProject.InsuranceBruteTesting2@15713d56]" started-at="2023-03-05T10:54:00 IST" name="heightFieldTest" finished-at="2023-03-05T10:54:16 IST" duration-ms="16233" status="PASS">
          <reporter-output>
          </reporter-output>
        </test-method> <!-- heightFieldTest -->
        <test-method is-config="true" signature="tearDownTest()[pri:0, instance:MyMavenProject.InsuranceBruteTesting2@15713d56]" started-at="2023-03-05T10:54:16 IST" name="tearDownTest" finished-at="2023-03-05T10:54:16 IST" duration-ms="361" status="PASS">
          <reporter-output>
          </reporter-output>
        </test-method> <!-- tearDownTest -->
        <test-method signature="weightFieldTest()[pri:6, instance:MyMavenProject.InsuranceBruteTesting2@15713d56]" started-at="2023-03-05T10:54:16 IST" name="weightFieldTest" finished-at="2023-03-05T10:54:33 IST" duration-ms="16439" status="PASS">
          <reporter-output>
          </reporter-output>
        </test-method> <!-- weightFieldTest -->
        <test-method is-config="true" signature="tearDownTest()[pri:0, instance:MyMavenProject.InsuranceBruteTesting2@15713d56]" started-at="2023-03-05T10:54:33 IST" name="tearDownTest" finished-at="2023-03-05T10:54:33 IST" duration-ms="412" status="PASS">
          <reporter-output>
          </reporter-output>
        </test-method> <!-- tearDownTest -->
        <test-method signature="numberOfChildrenFieldTest()[pri:7, instance:MyMavenProject.InsuranceBruteTesting2@15713d56]" started-at="2023-03-05T10:54:33 IST" name="numberOfChildrenFieldTest" finished-at="2023-03-05T10:54:49 IST" duration-ms="15896" status="PASS">
          <reporter-output>
          </reporter-output>
        </test-method> <!-- numberOfChildrenFieldTest -->
        <test-method is-config="true" signature="tearDownTest()[pri:0, instance:MyMavenProject.InsuranceBruteTesting2@15713d56]" started-at="2023-03-05T10:54:49 IST" name="tearDownTest" finished-at="2023-03-05T10:54:50 IST" duration-ms="364" status="PASS">
          <reporter-output>
          </reporter-output>
        </test-method> <!-- tearDownTest -->
        <test-method signature="smokerTest()[pri:8, instance:MyMavenProject.InsuranceBruteTesting2@15713d56]" started-at="2023-03-05T10:54:50 IST" name="smokerTest" finished-at="2023-03-05T10:55:05 IST" duration-ms="15707" status="PASS">
          <reporter-output>
          </reporter-output>
        </test-method> <!-- smokerTest -->
        <test-method is-config="true" signature="tearDownTest()[pri:0, instance:MyMavenProject.InsuranceBruteTesting2@15713d56]" started-at="2023-03-05T10:55:05 IST" name="tearDownTest" finished-at="2023-03-05T10:55:06 IST" duration-ms="330" status="PASS">
          <reporter-output>
          </reporter-output>
        </test-method> <!-- tearDownTest -->
        <test-method signature="regionTest()[pri:9, instance:MyMavenProject.InsuranceBruteTesting2@15713d56]" started-at="2023-03-05T10:55:06 IST" name="regionTest" finished-at="2023-03-05T10:55:22 IST" duration-ms="16534" status="PASS">
          <reporter-output>
          </reporter-output>
        </test-method> <!-- regionTest -->
        <test-method is-config="true" signature="tearDownTest()[pri:0, instance:MyMavenProject.InsuranceBruteTesting2@15713d56]" started-at="2023-03-05T10:55:22 IST" name="tearDownTest" finished-at="2023-03-05T10:55:22 IST" duration-ms="347" status="PASS">
          <reporter-output>
          </reporter-output>
        </test-method> <!-- tearDownTest -->
        <test-method signature="brokenLinkTest()[pri:10, instance:MyMavenProject.InsuranceBruteTesting2@15713d56]" started-at="2023-03-05T10:55:22 IST" name="brokenLinkTest" finished-at="2023-03-05T10:56:02 IST" duration-ms="39255" status="FAIL">
          <exception class="java.net.ProtocolException">
            <message>
              <![CDATA[Server redirected too many  times (20)]]>
            </message>
            <full-stacktrace>
              <![CDATA[java.net.ProtocolException: Server redirected too many  times (20)
at java.base/sun.net.www.protocol.http.HttpURLConnection.getInputStream0(HttpURLConnection.java:2005)
at java.base/sun.net.www.protocol.http.HttpURLConnection.getInputStream(HttpURLConnection.java:1589)
at java.base/java.net.HttpURLConnection.getResponseCode(HttpURLConnection.java:529)
at java.base/sun.net.www.protocol.https.HttpsURLConnectionImpl.getResponseCode(HttpsURLConnectionImpl.java:308)
at MyMavenProject.InsuranceBruteTesting2.brokenLinkTest(InsuranceBruteTesting2.java:137)
at java.base/jdk.internal.reflect.NativeMethodAccessorImpl.invoke0(Native Method)
at java.base/jdk.internal.reflect.NativeMethodAccessorImpl.invoke(NativeMethodAccessorImpl.java:77)
at java.base/jdk.internal.reflect.DelegatingMethodAccessorImpl.invoke(DelegatingMethodAccessorImpl.java:43)
at java.base/java.lang.reflect.Method.invoke(Method.java:568)
at org.testng.internal.MethodInvocationHelper.invokeMethod(MethodInvocationHelper.java:133)
at org.testng.internal.TestInvoker.invokeMethod(TestInvoker.java:598)
at org.testng.internal.TestInvoker.invokeTestMethod(TestInvoker.java:173)
at org.testng.internal.MethodRunner.runInSequence(MethodRunner.java:46)
at org.testng.internal.TestInvoker$MethodInvocationAgent.invoke(TestInvoker.java:824)
at org.testng.internal.TestInvoker.invokeTestMethods(TestInvoker.java:146)
at org.testng.internal.TestMethodWorker.invokeTestMethods(TestMethodWorker.java:146)
at org.testng.internal.TestMethodWorker.run(TestMethodWorker.java:128)
at java.base/java.util.ArrayList.forEach(ArrayList.java:1511)
at org.testng.TestRunner.privateRun(TestRunner.java:794)
at org.testng.TestRunner.run(TestRunner.java:596)
at org.testng.SuiteRunner.runTest(SuiteRunner.java:377)
at org.testng.SuiteRunner.runSequentially(SuiteRunner.java:371)
at org.testng.SuiteRunner.privateRun(SuiteRunner.java:332)
at org.testng.SuiteRunner.run(SuiteRunner.java:276)
at org.testng.SuiteRunnerWorker.runSuite(SuiteRunnerWorker.java:53)
at org.testng.SuiteRunnerWorker.run(SuiteRunnerWorker.java:96)
at org.testng.TestNG.runSuitesSequentially(TestNG.java:1212)
at org.testng.TestNG.runSuitesLocally(TestNG.java:1134)
at org.testng.TestNG.runSuites(TestNG.java:1063)
at org.testng.TestNG.run(TestNG.java:1031)
at org.testng.remote.AbstractRemoteTestNG.run(AbstractRemoteTestNG.java:115)
at org.testng.remote.RemoteTestNG.initAndRun(RemoteTestNG.java:251)
at org.testng.remote.RemoteTestNG.main(RemoteTestNG.java:77)
]]>
            </full-stacktrace>
          </exception> <!-- java.net.ProtocolException -->
          <reporter-output>
          </reporter-output>
        </test-method> <!-- brokenLinkTest -->
        <test-method is-config="true" signature="tearDownTest()[pri:0, instance:MyMavenProject.InsuranceBruteTesting2@15713d56]" started-at="2023-03-05T10:56:02 IST" name="tearDownTest" finished-at="2023-03-05T10:56:02 IST" duration-ms="311" status="PASS">
          <reporter-output>
          </reporter-output>
        </test-method> <!-- tearDownTest -->
      </class> <!-- MyMavenProject.InsuranceBruteTesting2 -->
      <class name="MyMavenProject.IntegrationTesting">
        <test-method signature="wholeFormTest(java.util.HashMap)[pri:0, instance:MyMavenProject.IntegrationTesting@4b41dd5c]" started-at="2023-03-05T10:56:03 IST" name="wholeFormTest" data-provider="getData" finished-at="2023-03-05T10:56:17 IST" duration-ms="14466" status="PASS">
          <params>
            <param index="0">
              <value>
                <![CDATA[{weight=80, noOfChildren=0, age=19, height=159}]]>
              </value>
            </param>
          </params>
          <reporter-output>
          </reporter-output>
        </test-method> <!-- wholeFormTest -->
        <test-method is-config="true" signature="tearDownTest()[pri:0, instance:MyMavenProject.IntegrationTesting@4b41dd5c]" started-at="2023-03-05T10:56:17 IST" name="tearDownTest" finished-at="2023-03-05T10:56:17 IST" duration-ms="284" status="PASS">
          <reporter-output>
          </reporter-output>
        </test-method> <!-- tearDownTest -->
        <test-method signature="wholeFormTest(java.util.HashMap)[pri:0, instance:MyMavenProject.IntegrationTesting@4b41dd5c]" started-at="2023-03-05T10:56:17 IST" name="wholeFormTest" data-provider="getData" finished-at="2023-03-05T10:56:32 IST" duration-ms="14385" status="PASS">
          <params>
            <param index="0">
              <value>
                <![CDATA[{weight=60, noOfChildren=5, age=20, height=175}]]>
              </value>
            </param>
          </params>
          <reporter-output>
          </reporter-output>
        </test-method> <!-- wholeFormTest -->
        <test-method is-config="true" signature="tearDownTest()[pri:0, instance:MyMavenProject.IntegrationTesting@4b41dd5c]" started-at="2023-03-05T10:56:32 IST" name="tearDownTest" finished-at="2023-03-05T10:56:32 IST" duration-ms="375" status="PASS">
          <reporter-output>
          </reporter-output>
        </test-method> <!-- tearDownTest -->
      </class> <!-- MyMavenProject.IntegrationTesting -->
    </test> <!-- Test -->
  </suite> <!-- Suite -->
</testng-results>
